\BOOKMARK [0][-]{section*.1}{Module C: Constant coefficient linear ODEs}{}% 1
\BOOKMARK [1][-]{section*.5}{Section C.0}{section*.1}% 2
\BOOKMARK [1][-]{section*.6}{Section C.1}{section*.1}% 3
\BOOKMARK [1][-]{section*.7}{Section C.2}{section*.1}% 4
\BOOKMARK [0][-]{section*.8}{Module S: Systems of ODEs}{}% 5
\BOOKMARK [1][-]{section*.12}{Section S.1}{section*.8}% 6
\BOOKMARK [1][-]{section*.13}{Section S.2}{section*.8}% 7
\BOOKMARK [1][-]{section*.14}{Section S.3}{section*.8}% 8
\BOOKMARK [0][-]{section*.15}{Module F: First order ODEs}{}% 9
\BOOKMARK [1][-]{section*.19}{Section F.0}{section*.15}% 10
\BOOKMARK [1][-]{section*.20}{Section F.1}{section*.15}% 11
\BOOKMARK [1][-]{section*.21}{Section F.2}{section*.15}% 12
\BOOKMARK [1][-]{section*.22}{Section F.3}{section*.15}% 13
\BOOKMARK [1][-]{section*.23}{Section F.4}{section*.15}% 14
\BOOKMARK [0][-]{section*.24}{Module N: Numerical}{}% 15
\BOOKMARK [1][-]{section*.27}{Section N.1}{section*.24}% 16
\BOOKMARK [1][-]{section*.28}{Section N.2}{section*.24}% 17
\BOOKMARK [1][-]{section*.29}{Section N.3}{section*.24}% 18
\BOOKMARK [1][-]{section*.30}{Section N.4}{section*.24}% 19
\BOOKMARK [0][-]{section*.31}{Module D: Discontinuous functions in ODEs}{}% 20
\BOOKMARK [1][-]{section*.34}{Section D.1}{section*.31}% 21
\BOOKMARK [1][-]{section*.35}{Section D.2}{section*.31}% 22
\BOOKMARK [1][-]{section*.36}{Section D.3}{section*.31}% 23
\BOOKMARK [1][-]{section*.37}{Section D.4}{section*.31}% 24
